app/build/intermediates/manifest_merge_blame_file/debug/manifest-merger-blame-debug-report.txt
1<?xml version="1.0" encoding="utf-8"?>
2<manifest xmlns:android="http://schemas.android.com/apk/res/android"
3    package="com.example.myapplication"
4    android:versionCode="1"
5    android:versionName="1.0" >
6
7    <uses-sdk
8        android:minSdkVersion="21"
8-->src\main\AndroidManifest.xml
9        android:targetSdkVersion="29" />
9-->src\main\AndroidManifest.xml
10
11    <uses-permission android:name="android.permission.INTERNET" />
11-->src\main\AndroidManifest.xml:5:5-67
11-->src\main\AndroidManifest.xml:5:22-64
12    <uses-permission android:name="android.permission.ACCESS_NETWORK_STATE" />
12-->src\main\AndroidManifest.xml:6:5-79
12-->src\main\AndroidManifest.xml:6:22-76
13    <uses-permission android:name="android.permission.WRITE_EXTERNAL_STORAGE" />
13-->src\main\AndroidManifest.xml:7:5-81
13-->src\main\AndroidManifest.xml:7:22-78
14    <uses-permission android:name="com.google.android.providers.gsf.permission.READ_GSERVICES" />
14-->src\main\AndroidManifest.xml:8:5-98
14-->src\main\AndroidManifest.xml:8:22-95
15    <uses-permission android:name="android.permission.ACCESS_COARSE_LOCATION" />
15-->src\main\AndroidManifest.xml:9:5-81
15-->src\main\AndroidManifest.xml:9:22-78
16    <uses-permission android:name="android.permission.ACCESS_FINE_LOCATION" />
16-->src\main\AndroidManifest.xml:10:5-79
16-->src\main\AndroidManifest.xml:10:22-76
17    <uses-permission android:name="android.permission.READ_EXTERNAL_STORAGE" />
17-->src\main\AndroidManifest.xml:11:5-80
17-->src\main\AndroidManifest.xml:11:22-77
18    <uses-permission android:name="android.permission.WRITE_EXTERNAL_STORAGE" />
18-->src\main\AndroidManifest.xml:7:5-81
18-->src\main\AndroidManifest.xml:7:22-78
19    <uses-permission android:name="android.permission.BLUETOOTH" />
19-->src\main\AndroidManifest.xml:13:5-68
19-->src\main\AndroidManifest.xml:13:22-65
20
21    <uses-feature
21-->src\main\AndroidManifest.xml:15:5-17:35
22        android:glEsVersion="0x00020000"
22-->src\main\AndroidManifest.xml:16:9-41
23        android:required="true" />
23-->src\main\AndroidManifest.xml:17:9-32
24
25    <uses-permission android:name="android.permission.WAKE_LOCK" /> <!-- Required by older versions of Google Play services to create IID tokens -->
25-->[com.google.android.gms:play-services-measurement-api:17.4.3] AndroidManifest.xml:24:5-68
25-->[com.google.android.gms:play-services-measurement-api:17.4.3] AndroidManifest.xml:24:22-65
26    <uses-permission android:name="com.google.android.c2dm.permission.RECEIVE" />
26-->[com.google.firebase:firebase-iid:20.1.5] AndroidManifest.xml:26:5-82
26-->[com.google.firebase:firebase-iid:20.1.5] AndroidManifest.xml:26:22-79
27    <uses-permission android:name="com.google.android.finsky.permission.BIND_GET_INSTALL_REFERRER_SERVICE" />
27-->[com.google.android.gms:play-services-measurement:17.4.3] AndroidManifest.xml:26:5-110
27-->[com.google.android.gms:play-services-measurement:17.4.3] AndroidManifest.xml:26:22-107
28
29    <application
29-->src\main\AndroidManifest.xml:19:5-69:19
30        android:allowBackup="true"
30-->src\main\AndroidManifest.xml:20:9-35
31        android:appComponentFactory="androidx.core.app.CoreComponentFactory"
31-->[androidx.core:core:1.3.0] AndroidManifest.xml:24:18-86
32        android:debuggable="true"
33        android:icon="@mipmap/ic_launcher"
33-->src\main\AndroidManifest.xml:21:9-43
34        android:label="@string/app_name"
34-->src\main\AndroidManifest.xml:22:9-41
35        android:roundIcon="@mipmap/ic_launcher_round"
35-->src\main\AndroidManifest.xml:23:9-54
36        android:supportsRtl="true"
36-->src\main\AndroidManifest.xml:24:9-35
37        android:testOnly="true"
38        android:theme="@style/AppTheme" >
38-->src\main\AndroidManifest.xml:25:9-40
39        <activity android:name="com.example.myapplication.AboutAppActivity" />
39-->src\main\AndroidManifest.xml:26:9-63
39-->src\main\AndroidManifest.xml:26:19-51
40        <activity
40-->src\main\AndroidManifest.xml:27:9-29:63
41            android:name="com.example.myapplication.SettingsActivity"
41-->src\main\AndroidManifest.xml:28:13-45
42            android:label="@string/title_activity_settings" />
42-->src\main\AndroidManifest.xml:29:13-60
43        <activity android:name="com.example.myapplication.BluetoothActivity" />
43-->src\main\AndroidManifest.xml:30:9-55
43-->src\main\AndroidManifest.xml:30:19-52
44        <activity android:name="com.example.myapplication.ui.Workers.EmployeeDetailActivity" />
44-->src\main\AndroidManifest.xml:31:9-71
44-->src\main\AndroidManifest.xml:31:19-68
45        <activity android:name="com.example.myapplication.ui.Workers.EmployeeFarmCodeActivity" />
45-->src\main\AndroidManifest.xml:32:9-73
45-->src\main\AndroidManifest.xml:32:19-70
46        <activity
46-->src\main\AndroidManifest.xml:33:9-41:20
47            android:name="com.example.myapplication.ui.LoginAndRegister.CheckUserLoggedInActivity"
47-->src\main\AndroidManifest.xml:34:13-74
48            android:theme="@style/Theme.AppCompat.Light.NoActionBar" >
48-->src\main\AndroidManifest.xml:35:13-69
49            <intent-filter>
49-->src\main\AndroidManifest.xml:36:13-40:29
50                <action android:name="android.intent.action.MAIN" />
50-->src\main\AndroidManifest.xml:37:17-69
50-->src\main\AndroidManifest.xml:37:25-66
51
52                <category android:name="android.intent.category.LAUNCHER" />
52-->src\main\AndroidManifest.xml:39:17-77
52-->src\main\AndroidManifest.xml:39:27-74
53            </intent-filter>
54        </activity>
55        <activity android:name="com.example.myapplication.ui.Workers.EmployeeMainActivity" />
55-->src\main\AndroidManifest.xml:42:9-69
55-->src\main\AndroidManifest.xml:42:19-66
56        <activity android:name="com.example.myapplication.ui.LoginAndRegister.RegisterInfoEmployeeActivity" />
56-->src\main\AndroidManifest.xml:43:9-86
56-->src\main\AndroidManifest.xml:43:19-83
57        <activity android:name="com.example.myapplication.ui.LoginAndRegister.RegisterInfoOwnerActivity" />
57-->src\main\AndroidManifest.xml:44:9-83
57-->src\main\AndroidManifest.xml:44:19-80
58        <activity
58-->src\main\AndroidManifest.xml:45:9-47:58
59            android:name="com.example.myapplication.ui.Workers.WorkersActivity"
59-->src\main\AndroidManifest.xml:46:13-55
60            android:parentActivityName="com.example.myapplication.MainActivity" />
60-->src\main\AndroidManifest.xml:47:13-55
61        <activity android:name="com.example.myapplication.OptimalizationActivity" />
61-->src\main\AndroidManifest.xml:48:9-60
61-->src\main\AndroidManifest.xml:48:19-57
62
63        <meta-data
63-->src\main\AndroidManifest.xml:50:9-52:47
64            android:name="com.google.android.geo.API_KEY"
64-->src\main\AndroidManifest.xml:51:13-58
65            android:value="@string/map_key" />
65-->src\main\AndroidManifest.xml:52:13-44
66
67        <activity android:name="com.example.myapplication.ui.FieldRecords.FieldsDetailActivity" />
67-->src\main\AndroidManifest.xml:54:9-74
67-->src\main\AndroidManifest.xml:54:19-71
68        <activity android:name="com.example.myapplication.ui.FieldRecords.FieldsRecordActivity" />
68-->src\main\AndroidManifest.xml:55:9-74
68-->src\main\AndroidManifest.xml:55:19-71
69        <activity android:name="com.example.myapplication.ui.LoginAndRegister.RegisterActivity" />
69-->src\main\AndroidManifest.xml:56:9-74
69-->src\main\AndroidManifest.xml:56:19-71
70        <activity
70-->src\main\AndroidManifest.xml:57:9-59:48
71            android:name="com.example.myapplication.ui.LoginAndRegister.LoginActivity"
71-->src\main\AndroidManifest.xml:58:13-62
72            android:label="@string/app_name" />
72-->src\main\AndroidManifest.xml:59:13-45
73        <activity
73-->src\main\AndroidManifest.xml:60:9-62:48
74            android:name="com.example.myapplication.MainActivity"
74-->src\main\AndroidManifest.xml:61:13-41
75            android:label="@string/app_name" />
75-->src\main\AndroidManifest.xml:62:13-45
76        <activity
76-->src\main\AndroidManifest.xml:63:9-65:58
77            android:name="com.example.myapplication.ui.machines.MachniesActivity"
77-->src\main\AndroidManifest.xml:64:13-57
78            android:parentActivityName="com.example.myapplication.MainActivity" />
78-->src\main\AndroidManifest.xml:65:13-55
79        <activity android:name="com.theartofdev.edmodo.cropper.CropImageActivity" />
79-->src\main\AndroidManifest.xml:66:9-85
79-->src\main\AndroidManifest.xml:66:19-82
80
81        <service android:name="com.example.myapplication.Services.LocationService" />
81-->src\main\AndroidManifest.xml:68:9-61
81-->src\main\AndroidManifest.xml:68:18-58
82
83        <activity
83-->[com.google.firebase:firebase-auth:19.3.1] AndroidManifest.xml:24:9-31:50
84            android:name="com.google.firebase.auth.internal.FederatedSignInActivity"
84-->[com.google.firebase:firebase-auth:19.3.1] AndroidManifest.xml:25:13-85
85            android:excludeFromRecents="true"
85-->[com.google.firebase:firebase-auth:19.3.1] AndroidManifest.xml:26:13-46
86            android:exported="true"
86-->[com.google.firebase:firebase-auth:19.3.1] AndroidManifest.xml:27:13-36
87            android:launchMode="singleTask"
87-->[com.google.firebase:firebase-auth:19.3.1] AndroidManifest.xml:28:13-44
88            android:permission="com.google.firebase.auth.api.gms.permission.LAUNCH_FEDERATED_SIGN_IN"
88-->[com.google.firebase:firebase-auth:19.3.1] AndroidManifest.xml:29:13-102
89            android:theme="@android:style/Theme.Translucent.NoTitleBar" />
89-->[com.google.firebase:firebase-auth:19.3.1] AndroidManifest.xml:30:13-72
90
91        <service
91-->[com.google.firebase:firebase-auth:19.3.1] AndroidManifest.xml:33:9-39:19
92            android:name="com.google.firebase.components.ComponentDiscoveryService"
92-->[com.google.firebase:firebase-auth:19.3.1] AndroidManifest.xml:34:13-84
93            android:directBootAware="true"
93-->[com.google.firebase:firebase-common:19.3.0] AndroidManifest.xml:34:13-43
94            android:exported="false" >
94-->[com.google.firebase:firebase-auth:19.3.1] AndroidManifest.xml:35:13-37
95            <meta-data
95-->[com.google.firebase:firebase-auth:19.3.1] AndroidManifest.xml:36:13-38:85
96                android:name="com.google.firebase.components:com.google.firebase.auth.FirebaseAuthRegistrar"
96-->[com.google.firebase:firebase-auth:19.3.1] AndroidManifest.xml:37:17-109
97                android:value="com.google.firebase.components.ComponentRegistrar" />
97-->[com.google.firebase:firebase-auth:19.3.1] AndroidManifest.xml:38:17-82
98            <meta-data
98-->[com.google.firebase:firebase-database:19.3.1] AndroidManifest.xml:32:13-34:85
99                android:name="com.google.firebase.components:com.google.firebase.database.DatabaseRegistrar"
99-->[com.google.firebase:firebase-database:19.3.1] AndroidManifest.xml:33:17-109
100                android:value="com.google.firebase.components.ComponentRegistrar" />
100-->[com.google.firebase:firebase-database:19.3.1] AndroidManifest.xml:34:17-82
101            <meta-data
101-->[com.google.firebase:firebase-storage:19.1.1] AndroidManifest.xml:33:13-35:85
102                android:name="com.google.firebase.components:com.google.firebase.storage.StorageRegistrar"
102-->[com.google.firebase:firebase-storage:19.1.1] AndroidManifest.xml:34:17-107
103                android:value="com.google.firebase.components.ComponentRegistrar" />
103-->[com.google.firebase:firebase-storage:19.1.1] AndroidManifest.xml:35:17-82
104            <meta-data
104-->[com.google.android.gms:play-services-measurement-api:17.4.3] AndroidManifest.xml:30:13-32:85
105                android:name="com.google.firebase.components:com.google.firebase.analytics.connector.internal.AnalyticsConnectorRegistrar"
105-->[com.google.android.gms:play-services-measurement-api:17.4.3] AndroidManifest.xml:31:17-139
106                android:value="com.google.firebase.components.ComponentRegistrar" />
106-->[com.google.android.gms:play-services-measurement-api:17.4.3] AndroidManifest.xml:32:17-82
107            <meta-data
107-->[com.google.firebase:firebase-iid:20.1.5] AndroidManifest.xml:32:13-34:85
108                android:name="com.google.firebase.components:com.google.firebase.iid.Registrar"
108-->[com.google.firebase:firebase-iid:20.1.5] AndroidManifest.xml:33:17-96
109                android:value="com.google.firebase.components.ComponentRegistrar" />
109-->[com.google.firebase:firebase-iid:20.1.5] AndroidManifest.xml:34:17-82
110            <meta-data
110-->[com.google.firebase:firebase-installations:16.2.1] AndroidManifest.xml:17:13-19:85
111                android:name="com.google.firebase.components:com.google.firebase.installations.FirebaseInstallationsRegistrar"
111-->[com.google.firebase:firebase-installations:16.2.1] AndroidManifest.xml:18:17-127
112                android:value="com.google.firebase.components.ComponentRegistrar" />
112-->[com.google.firebase:firebase-installations:16.2.1] AndroidManifest.xml:19:17-82
113        </service> <!-- Needs to be explicitly declared on P+ -->
114        <uses-library
114-->[com.google.android.gms:play-services-maps:17.0.0] AndroidManifest.xml:33:9-35:40
115            android:name="org.apache.http.legacy"
115-->[com.google.android.gms:play-services-maps:17.0.0] AndroidManifest.xml:34:13-50
116            android:required="false" />
116-->[com.google.android.gms:play-services-maps:17.0.0] AndroidManifest.xml:35:13-37
117
118        <receiver
118-->[com.google.firebase:firebase-iid:20.1.5] AndroidManifest.xml:37:9-44:20
119            android:name="com.google.firebase.iid.FirebaseInstanceIdReceiver"
119-->[com.google.firebase:firebase-iid:20.1.5] AndroidManifest.xml:38:13-78
120            android:exported="true"
120-->[com.google.firebase:firebase-iid:20.1.5] AndroidManifest.xml:39:13-36
121            android:permission="com.google.android.c2dm.permission.SEND" >
121-->[com.google.firebase:firebase-iid:20.1.5] AndroidManifest.xml:40:13-73
122            <intent-filter>
122-->[com.google.firebase:firebase-iid:20.1.5] AndroidManifest.xml:41:13-43:29
123                <action android:name="com.google.android.c2dm.intent.RECEIVE" />
123-->[com.google.firebase:firebase-iid:20.1.5] AndroidManifest.xml:42:17-81
123-->[com.google.firebase:firebase-iid:20.1.5] AndroidManifest.xml:42:25-78
124            </intent-filter>
125        </receiver>
126
127        <activity
127-->[com.google.android.gms:play-services-base:17.1.0] AndroidManifest.xml:23:9-26:75
128            android:name="com.google.android.gms.common.api.GoogleApiActivity"
128-->[com.google.android.gms:play-services-base:17.1.0] AndroidManifest.xml:24:13-79
129            android:exported="false"
129-->[com.google.android.gms:play-services-base:17.1.0] AndroidManifest.xml:25:13-37
130            android:theme="@android:style/Theme.Translucent.NoTitleBar" />
130-->[com.google.android.gms:play-services-base:17.1.0] AndroidManifest.xml:26:13-72
131
132        <provider
132-->[com.google.firebase:firebase-common:19.3.0] AndroidManifest.xml:26:9-30:39
133            android:name="com.google.firebase.provider.FirebaseInitProvider"
133-->[com.google.firebase:firebase-common:19.3.0] AndroidManifest.xml:27:13-77
134            android:authorities="com.example.myapplication.firebaseinitprovider"
134-->[com.google.firebase:firebase-common:19.3.0] AndroidManifest.xml:28:13-72
135            android:exported="false"
135-->[com.google.firebase:firebase-common:19.3.0] AndroidManifest.xml:29:13-37
136            android:initOrder="100" />
136-->[com.google.firebase:firebase-common:19.3.0] AndroidManifest.xml:30:13-36
137
138        <receiver
138-->[com.google.android.gms:play-services-measurement:17.4.3] AndroidManifest.xml:29:9-33:20
139            android:name="com.google.android.gms.measurement.AppMeasurementReceiver"
139-->[com.google.android.gms:play-services-measurement:17.4.3] AndroidManifest.xml:30:13-85
140            android:enabled="true"
140-->[com.google.android.gms:play-services-measurement:17.4.3] AndroidManifest.xml:31:13-35
141            android:exported="false" >
141-->[com.google.android.gms:play-services-measurement:17.4.3] AndroidManifest.xml:32:13-37
142        </receiver>
143
144        <service
144-->[com.google.android.gms:play-services-measurement:17.4.3] AndroidManifest.xml:35:9-38:40
145            android:name="com.google.android.gms.measurement.AppMeasurementService"
145-->[com.google.android.gms:play-services-measurement:17.4.3] AndroidManifest.xml:36:13-84
146            android:enabled="true"
146-->[com.google.android.gms:play-services-measurement:17.4.3] AndroidManifest.xml:37:13-35
147            android:exported="false" />
147-->[com.google.android.gms:play-services-measurement:17.4.3] AndroidManifest.xml:38:13-37
148        <service
148-->[com.google.android.gms:play-services-measurement:17.4.3] AndroidManifest.xml:39:9-43:72
149            android:name="com.google.android.gms.measurement.AppMeasurementJobService"
149-->[com.google.android.gms:play-services-measurement:17.4.3] AndroidManifest.xml:40:13-87
150            android:enabled="true"
150-->[com.google.android.gms:play-services-measurement:17.4.3] AndroidManifest.xml:41:13-35
151            android:exported="false"
151-->[com.google.android.gms:play-services-measurement:17.4.3] AndroidManifest.xml:42:13-37
152            android:permission="android.permission.BIND_JOB_SERVICE" />
152-->[com.google.android.gms:play-services-measurement:17.4.3] AndroidManifest.xml:43:13-69
153
154        <meta-data
154-->[com.google.android.gms:play-services-basement:17.0.0] AndroidManifest.xml:23:9-25:69
155            android:name="com.google.android.gms.version"
155-->[com.google.android.gms:play-services-basement:17.0.0] AndroidManifest.xml:24:13-58
156            android:value="@integer/google_play_services_version" />
156-->[com.google.android.gms:play-services-basement:17.0.0] AndroidManifest.xml:25:13-66
157
158        <provider
158-->[androidx.lifecycle:lifecycle-process:2.2.0] AndroidManifest.xml:25:9-29:43
159            android:name="androidx.lifecycle.ProcessLifecycleOwnerInitializer"
159-->[androidx.lifecycle:lifecycle-process:2.2.0] AndroidManifest.xml:26:13-79
160            android:authorities="com.example.myapplication.lifecycle-process"
160-->[androidx.lifecycle:lifecycle-process:2.2.0] AndroidManifest.xml:27:13-69
161            android:exported="false"
161-->[androidx.lifecycle:lifecycle-process:2.2.0] AndroidManifest.xml:28:13-37
162            android:multiprocess="true" />
162-->[androidx.lifecycle:lifecycle-process:2.2.0] AndroidManifest.xml:29:13-40
163    </application>
164
165</manifest>